Started GET "/" for 127.0.0.1 at 2018-07-30 22:35:08 +0900
Processing by MessagesController#index as HTML
  Rendering messages/index.html.haml within layouts/application
  Rendered messages/index.html.haml within layouts/application (4.2ms)
Completed 500 Internal Server Error in 27ms (ActiveRecord: 0.0ms)


  
ActionView::Template::Error (Illegal nesting: content can't be both given on the same line as %p and nested within it.):
     6:     .left__contents--top
     7:       .left__contents--name
     8:         %p tatsuki-nakamura
     9:           %ul.icon__cog
    10:             %li.list
    11:             =link_to root_path do
    12:               = fa_icon 'pencil-square-o', class: 'icon'
  
app/views/messages/index.html.haml:9
  Rendering /Users/nakamuratatsuki/.rbenv/versions/2.3.1/lib/ruby/gems/2.3.0/gems/actionpack-5.0.7/lib/action_dispatch/middleware/templates/rescues/template_error.html.erb within rescues/layout
  Rendering /Users/nakamuratatsuki/.rbenv/versions/2.3.1/lib/ruby/gems/2.3.0/gems/actionpack-5.0.7/lib/action_dispatch/middleware/templates/rescues/_source.html.erb
  Rendered /Users/nakamuratatsuki/.rbenv/versions/2.3.1/lib/ruby/gems/2.3.0/gems/actionpack-5.0.7/lib/action_dispatch/middleware/templates/rescues/_source.html.erb (6.6ms)
  Rendering /Users/nakamuratatsuki/.rbenv/versions/2.3.1/lib/ruby/gems/2.3.0/gems/actionpack-5.0.7/lib/action_dispatch/middleware/templates/rescues/_trace.html.erb
  Rendered /Users/nakamuratatsuki/.rbenv/versions/2.3.1/lib/ruby/gems/2.3.0/gems/actionpack-5.0.7/lib/action_dispatch/middleware/templates/rescues/_trace.html.erb (1.6ms)
  Rendering /Users/nakamuratatsuki/.rbenv/versions/2.3.1/lib/ruby/gems/2.3.0/gems/actionpack-5.0.7/lib/action_dispatch/middleware/templates/rescues/_request_and_response.html.erb
  Rendered /Users/nakamuratatsuki/.rbenv/versions/2.3.1/lib/ruby/gems/2.3.0/gems/actionpack-5.0.7/lib/action_dispatch/middleware/templates/rescues/_request_and_response.html.erb (0.6ms)
  Rendered /Users/nakamuratatsuki/.rbenv/versions/2.3.1/lib/ruby/gems/2.3.0/gems/actionpack-5.0.7/lib/action_dispatch/middleware/templates/rescues/template_error.html.erb within rescues/layout (155.1ms)
Started GET "/" for 127.0.0.1 at 2018-07-30 22:36:45 +0900
Processing by MessagesController#index as HTML
  Rendering messages/index.html.haml within layouts/application
  Rendered messages/index.html.haml within layouts/application (1.5ms)
Completed 500 Internal Server Error in 11ms (ActiveRecord: 0.0ms)


  
ActionView::Template::Error (Illegal nesting: content can't be both given on the same line as %p and nested within it.):
     6:     .left__contents--top
     7:       .left__contents--name
     8:         %p tatsuki-nakamura
     9:           %ul
    10:             %li.list
    11:             =link_to root_path do
    12:               = fa_icon 'pencil-square-o', class: 'icon'
  
app/views/messages/index.html.haml:9
  Rendering /Users/nakamuratatsuki/.rbenv/versions/2.3.1/lib/ruby/gems/2.3.0/gems/actionpack-5.0.7/lib/action_dispatch/middleware/templates/rescues/template_error.html.erb within rescues/layout
  Rendering /Users/nakamuratatsuki/.rbenv/versions/2.3.1/lib/ruby/gems/2.3.0/gems/actionpack-5.0.7/lib/action_dispatch/middleware/templates/rescues/_source.html.erb
  Rendered /Users/nakamuratatsuki/.rbenv/versions/2.3.1/lib/ruby/gems/2.3.0/gems/actionpack-5.0.7/lib/action_dispatch/middleware/templates/rescues/_source.html.erb (3.4ms)
  Rendering /Users/nakamuratatsuki/.rbenv/versions/2.3.1/lib/ruby/gems/2.3.0/gems/actionpack-5.0.7/lib/action_dispatch/middleware/templates/rescues/_trace.html.erb
  Rendered /Users/nakamuratatsuki/.rbenv/versions/2.3.1/lib/ruby/gems/2.3.0/gems/actionpack-5.0.7/lib/action_dispatch/middleware/templates/rescues/_trace.html.erb (2.1ms)
  Rendering /Users/nakamuratatsuki/.rbenv/versions/2.3.1/lib/ruby/gems/2.3.0/gems/actionpack-5.0.7/lib/action_dispatch/middleware/templates/rescues/_request_and_response.html.erb
  Rendered /Users/nakamuratatsuki/.rbenv/versions/2.3.1/lib/ruby/gems/2.3.0/gems/actionpack-5.0.7/lib/action_dispatch/middleware/templates/rescues/_request_and_response.html.erb (1.1ms)
  Rendered /Users/nakamuratatsuki/.rbenv/versions/2.3.1/lib/ruby/gems/2.3.0/gems/actionpack-5.0.7/lib/action_dispatch/middleware/templates/rescues/template_error.html.erb within rescues/layout (131.1ms)
Started GET "/" for 127.0.0.1 at 2018-07-30 22:37:16 +0900
Processing by MessagesController#index as HTML
  Rendering messages/index.html.haml within layouts/application
  Rendered messages/index.html.haml within layouts/application (115.6ms)
Completed 500 Internal Server Error in 126ms (ActiveRecord: 0.0ms)


  
ActionView::Template::Error (undefined method `fa_icon' for #<#<Class:0x007f8a175958a0>:0x007f8a15aaed48>):
     9:         %ul.icon__cog
    10:           %li.list
    11:           =link_to root_path do
    12:             = fa_icon 'pencil-square-o', class: 'icon'
    13:           %li.list
    14:             = fa_icon 'fa-cog', class: 'icon'
    15:     .left__contents--bellow
  
app/views/messages/index.html.haml:12:in `block in _app_views_messages_index_html_haml__3657946073546556038_70115536514120'
app/views/messages/index.html.haml:11:in `_app_views_messages_index_html_haml__3657946073546556038_70115536514120'
  Rendering /Users/nakamuratatsuki/.rbenv/versions/2.3.1/lib/ruby/gems/2.3.0/gems/actionpack-5.0.7/lib/action_dispatch/middleware/templates/rescues/template_error.html.erb within rescues/layout
  Rendering /Users/nakamuratatsuki/.rbenv/versions/2.3.1/lib/ruby/gems/2.3.0/gems/actionpack-5.0.7/lib/action_dispatch/middleware/templates/rescues/_source.html.erb
  Rendered /Users/nakamuratatsuki/.rbenv/versions/2.3.1/lib/ruby/gems/2.3.0/gems/actionpack-5.0.7/lib/action_dispatch/middleware/templates/rescues/_source.html.erb (4.7ms)
  Rendering /Users/nakamuratatsuki/.rbenv/versions/2.3.1/lib/ruby/gems/2.3.0/gems/actionpack-5.0.7/lib/action_dispatch/middleware/templates/rescues/_trace.html.erb
  Rendered /Users/nakamuratatsuki/.rbenv/versions/2.3.1/lib/ruby/gems/2.3.0/gems/actionpack-5.0.7/lib/action_dispatch/middleware/templates/rescues/_trace.html.erb (2.4ms)
  Rendering /Users/nakamuratatsuki/.rbenv/versions/2.3.1/lib/ruby/gems/2.3.0/gems/actionpack-5.0.7/lib/action_dispatch/middleware/templates/rescues/_request_and_response.html.erb
  Rendered /Users/nakamuratatsuki/.rbenv/versions/2.3.1/lib/ruby/gems/2.3.0/gems/actionpack-5.0.7/lib/action_dispatch/middleware/templates/rescues/_request_and_response.html.erb (1.0ms)
  Rendered /Users/nakamuratatsuki/.rbenv/versions/2.3.1/lib/ruby/gems/2.3.0/gems/actionpack-5.0.7/lib/action_dispatch/middleware/templates/rescues/template_error.html.erb within rescues/layout (130.0ms)
Started GET "/" for 127.0.0.1 at 2018-07-30 22:39:07 +0900
Processing by MessagesController#index as HTML
  Rendering messages/index.html.haml within layouts/application
  Rendered messages/index.html.haml within layouts/application (17.8ms)
Completed 500 Internal Server Error in 842ms (ActiveRecord: 0.0ms)


  
ActionView::Template::Error (Undefined variable: "$skyblue".):
    4:     %meta{:content => "text/html; charset=UTF-8", "http-equiv" => "Content-Type"}/
    5:     %title ChatSpace
    6:     = csrf_meta_tags
    7:     = stylesheet_link_tag    'application', media: 'all', 'data-turbolinks-track': 'reload'
    8:     = javascript_include_tag 'application', 'data-turbolinks-track': 'reload'
    9:   %body
   10:     = yield
  
app/assets/stylesheets/partial/_message.scss:3
app/assets/stylesheets/partial:1
app/assets/stylesheets/application.scss:2
app/views/layouts/application.html.haml:7:in `_app_views_layouts_application_html_haml__3790466980483838751_70115693797300'
Started GET "/" for 127.0.0.1 at 2018-07-30 22:57:35 +0900
Processing by MessagesController#index as HTML
  Rendering messages/index.html.haml within layouts/application
  Rendered messages/index.html.haml within layouts/application (8.0ms)
Completed 500 Internal Server Error in 171ms (ActiveRecord: 0.0ms)


  
ActionView::Template::Error (Undefined variable: "$light_blue".):
    4:     %meta{:content => "text/html; charset=UTF-8", "http-equiv" => "Content-Type"}/
    5:     %title ChatSpace
    6:     = csrf_meta_tags
    7:     = stylesheet_link_tag    'application', media: 'all', 'data-turbolinks-track': 'reload'
    8:     = javascript_include_tag 'application', 'data-turbolinks-track': 'reload'
    9:   %body
   10:     = yield
  
app/assets/stylesheets/partial/_message.scss:3
app/assets/stylesheets/partial:1
app/assets/stylesheets/application.scss:2
app/views/layouts/application.html.haml:7:in `_app_views_layouts_application_html_haml__3790466980483838751_70115687321960'
Started GET "/" for 127.0.0.1 at 2018-07-30 22:58:24 +0900
Processing by MessagesController#index as HTML
  Rendering messages/index.html.haml within layouts/application
  Rendered messages/index.html.haml within layouts/application (6.6ms)
Completed 500 Internal Server Error in 134ms (ActiveRecord: 0.0ms)


  
ActionView::Template::Error (Undefined variable: "$light_blue".):
    4:     %meta{:content => "text/html; charset=UTF-8", "http-equiv" => "Content-Type"}/
    5:     %title ChatSpace
    6:     = csrf_meta_tags
    7:     = stylesheet_link_tag    'application', media: 'all', 'data-turbolinks-track': 'reload'
    8:     = javascript_include_tag 'application', 'data-turbolinks-track': 'reload'
    9:   %body
   10:     = yield
  
app/assets/stylesheets/partial/_message.scss:3
app/assets/stylesheets/partial:1
app/assets/stylesheets/application.scss:2
app/views/layouts/application.html.haml:7:in `_app_views_layouts_application_html_haml__3790466980483838751_70115745453720'
Started GET "/" for 127.0.0.1 at 2018-07-30 23:03:01 +0900
Processing by MessagesController#index as HTML
  Rendering messages/index.html.haml within layouts/application
  Rendered messages/index.html.haml within layouts/application (7.4ms)
Completed 500 Internal Server Error in 189ms (ActiveRecord: 0.0ms)


  
ActionView::Template::Error (File to import not found or unreadable: ./variable.
Load paths:
  /Users/nakamuratatsuki/projects/Chat_space/app/assets/config
  /Users/nakamuratatsuki/projects/Chat_space/app/assets/images
  /Users/nakamuratatsuki/projects/Chat_space/app/assets/javascripts
  /Users/nakamuratatsuki/projects/Chat_space/app/assets/stylesheets
  /Users/nakamuratatsuki/projects/Chat_space/vendor/assets/javascripts
  /Users/nakamuratatsuki/projects/Chat_space/vendor/assets/stylesheets
  /Users/nakamuratatsuki/.rbenv/versions/2.3.1/lib/ruby/gems/2.3.0/gems/font-awesome-rails-4.7.0.4/app/assets/fonts
  /Users/nakamuratatsuki/.rbenv/versions/2.3.1/lib/ruby/gems/2.3.0/gems/font-awesome-rails-4.7.0.4/app/assets/stylesheets
  /Users/nakamuratatsuki/.rbenv/versions/2.3.1/lib/ruby/gems/2.3.0/gems/jquery-rails-4.3.3/vendor/assets/javascripts
  /Users/nakamuratatsuki/.rbenv/versions/2.3.1/lib/ruby/gems/2.3.0/gems/coffee-rails-4.2.2/lib/assets/javascripts
  /Users/nakamuratatsuki/.rbenv/versions/2.3.1/lib/ruby/gems/2.3.0/gems/actioncable-5.0.7/lib/assets/compiled
  /Users/nakamuratatsuki/.rbenv/versions/2.3.1/lib/ruby/gems/2.3.0/gems/turbolinks-source-5.1.0/lib/assets/javascripts):
    4:     %meta{:content => "text/html; charset=UTF-8", "http-equiv" => "Content-Type"}/
    5:     %title ChatSpace
    6:     = csrf_meta_tags
    7:     = stylesheet_link_tag    'application', media: 'all', 'data-turbolinks-track': 'reload'
    8:     = javascript_include_tag 'application', 'data-turbolinks-track': 'reload'
    9:   %body
   10:     = yield
  
app/assets/stylesheets/partial/_message.scss:1
app/assets/stylesheets/partial:1
app/assets/stylesheets/application.scss:2
app/views/layouts/application.html.haml:7:in `_app_views_layouts_application_html_haml__3790466980483838751_70115697515540'
Started GET "/" for 127.0.0.1 at 2018-07-30 23:03:31 +0900
Processing by MessagesController#index as HTML
  Rendering messages/index.html.haml within layouts/application
  Rendered messages/index.html.haml within layouts/application (7.8ms)
Completed 500 Internal Server Error in 137ms (ActiveRecord: 0.0ms)


  
ActionView::Template::Error (File to import not found or unreadable: ./modules/side_bar.
Load paths:
  /Users/nakamuratatsuki/projects/Chat_space/app/assets/config
  /Users/nakamuratatsuki/projects/Chat_space/app/assets/images
  /Users/nakamuratatsuki/projects/Chat_space/app/assets/javascripts
  /Users/nakamuratatsuki/projects/Chat_space/app/assets/stylesheets
  /Users/nakamuratatsuki/projects/Chat_space/vendor/assets/javascripts
  /Users/nakamuratatsuki/projects/Chat_space/vendor/assets/stylesheets
  /Users/nakamuratatsuki/.rbenv/versions/2.3.1/lib/ruby/gems/2.3.0/gems/font-awesome-rails-4.7.0.4/app/assets/fonts
  /Users/nakamuratatsuki/.rbenv/versions/2.3.1/lib/ruby/gems/2.3.0/gems/font-awesome-rails-4.7.0.4/app/assets/stylesheets
  /Users/nakamuratatsuki/.rbenv/versions/2.3.1/lib/ruby/gems/2.3.0/gems/jquery-rails-4.3.3/vendor/assets/javascripts
  /Users/nakamuratatsuki/.rbenv/versions/2.3.1/lib/ruby/gems/2.3.0/gems/coffee-rails-4.2.2/lib/assets/javascripts
  /Users/nakamuratatsuki/.rbenv/versions/2.3.1/lib/ruby/gems/2.3.0/gems/actioncable-5.0.7/lib/assets/compiled
  /Users/nakamuratatsuki/.rbenv/versions/2.3.1/lib/ruby/gems/2.3.0/gems/turbolinks-source-5.1.0/lib/assets/javascripts):
    4:     %meta{:content => "text/html; charset=UTF-8", "http-equiv" => "Content-Type"}/
    5:     %title ChatSpace
    6:     = csrf_meta_tags
    7:     = stylesheet_link_tag    'application', media: 'all', 'data-turbolinks-track': 'reload'
    8:     = javascript_include_tag 'application', 'data-turbolinks-track': 'reload'
    9:   %body
   10:     = yield
  
app/assets/stylesheets/application.scss:3
app/views/layouts/application.html.haml:7:in `_app_views_layouts_application_html_haml__3790466980483838751_70115669876060'
  Rendering /Users/nakamuratatsuki/.rbenv/versions/2.3.1/lib/ruby/gems/2.3.0/gems/actionpack-5.0.7/lib/action_dispatch/middleware/templates/rescues/template_error.html.erb within rescues/layout
  Rendering /Users/nakamuratatsuki/.rbenv/versions/2.3.1/lib/ruby/gems/2.3.0/gems/actionpack-5.0.7/lib/action_dispatch/middleware/templates/rescues/_source.html.erb
  Rendered /Users/nakamuratatsuki/.rbenv/versions/2.3.1/lib/ruby/gems/2.3.0/gems/actionpack-5.0.7/lib/action_dispatch/middleware/templates/rescues/_source.html.erb (4.6ms)
  Rendering /Users/nakamuratatsuki/.rbenv/versions/2.3.1/lib/ruby/gems/2.3.0/gems/actionpack-5.0.7/lib/action_dispatch/middleware/templates/rescues/_trace.html.erb
  Rendered /Users/nakamuratatsuki/.rbenv/versions/2.3.1/lib/ruby/gems/2.3.0/gems/actionpack-5.0.7/lib/action_dispatch/middleware/templates/rescues/_trace.html.erb (1.7ms)
  Rendering /Users/nakamuratatsuki/.rbenv/versions/2.3.1/lib/ruby/gems/2.3.0/gems/actionpack-5.0.7/lib/action_dispatch/middleware/templates/rescues/_request_and_response.html.erb
  Rendered /Users/nakamuratatsuki/.rbenv/versions/2.3.1/lib/ruby/gems/2.3.0/gems/actionpack-5.0.7/lib/action_dispatch/middleware/templates/rescues/_request_and_response.html.erb (1.2ms)
  Rendered /Users/nakamuratatsuki/.rbenv/versions/2.3.1/lib/ruby/gems/2.3.0/gems/actionpack-5.0.7/lib/action_dispatch/middleware/templates/rescues/template_error.html.erb within rescues/layout (140.9ms)
Started GET "/" for 127.0.0.1 at 2018-07-30 23:04:48 +0900
Processing by MessagesController#index as HTML
  Rendering messages/index.html.haml within layouts/application
  Rendered messages/index.html.haml within layouts/application (18.9ms)
Completed 500 Internal Server Error in 336ms (ActiveRecord: 0.0ms)


  
ActionView::Template::Error (File to import not found or unreadable: ./modules/side_bar.
Load paths:
  /Users/nakamuratatsuki/projects/Chat_space/app/assets/config
  /Users/nakamuratatsuki/projects/Chat_space/app/assets/images
  /Users/nakamuratatsuki/projects/Chat_space/app/assets/javascripts
  /Users/nakamuratatsuki/projects/Chat_space/app/assets/stylesheets
  /Users/nakamuratatsuki/projects/Chat_space/vendor/assets/javascripts
  /Users/nakamuratatsuki/projects/Chat_space/vendor/assets/stylesheets
  /Users/nakamuratatsuki/.rbenv/versions/2.3.1/lib/ruby/gems/2.3.0/gems/font-awesome-rails-4.7.0.4/app/assets/fonts
  /Users/nakamuratatsuki/.rbenv/versions/2.3.1/lib/ruby/gems/2.3.0/gems/font-awesome-rails-4.7.0.4/app/assets/stylesheets
  /Users/nakamuratatsuki/.rbenv/versions/2.3.1/lib/ruby/gems/2.3.0/gems/jquery-rails-4.3.3/vendor/assets/javascripts
  /Users/nakamuratatsuki/.rbenv/versions/2.3.1/lib/ruby/gems/2.3.0/gems/coffee-rails-4.2.2/lib/assets/javascripts
  /Users/nakamuratatsuki/.rbenv/versions/2.3.1/lib/ruby/gems/2.3.0/gems/actioncable-5.0.7/lib/assets/compiled
  /Users/nakamuratatsuki/.rbenv/versions/2.3.1/lib/ruby/gems/2.3.0/gems/turbolinks-source-5.1.0/lib/assets/javascripts):
    4:     %meta{:content => "text/html; charset=UTF-8", "http-equiv" => "Content-Type"}/
    5:     %title ChatSpace
    6:     = csrf_meta_tags
    7:     = stylesheet_link_tag    'application', media: 'all', 'data-turbolinks-track': 'reload'
    8:     = javascript_include_tag 'application', 'data-turbolinks-track': 'reload'
    9:   %body
   10:     = yield
  
app/assets/stylesheets/application.scss:3
app/views/layouts/application.html.haml:7:in `_app_views_layouts_application_html_haml__825598337099177200_70272477912100'
  Rendering /Users/nakamuratatsuki/.rbenv/versions/2.3.1/lib/ruby/gems/2.3.0/gems/actionpack-5.0.7/lib/action_dispatch/middleware/templates/rescues/template_error.html.erb within rescues/layout
  Rendering /Users/nakamuratatsuki/.rbenv/versions/2.3.1/lib/ruby/gems/2.3.0/gems/actionpack-5.0.7/lib/action_dispatch/middleware/templates/rescues/_source.html.erb
  Rendered /Users/nakamuratatsuki/.rbenv/versions/2.3.1/lib/ruby/gems/2.3.0/gems/actionpack-5.0.7/lib/action_dispatch/middleware/templates/rescues/_source.html.erb (5.5ms)
  Rendering /Users/nakamuratatsuki/.rbenv/versions/2.3.1/lib/ruby/gems/2.3.0/gems/actionpack-5.0.7/lib/action_dispatch/middleware/templates/rescues/_trace.html.erb
  Rendered /Users/nakamuratatsuki/.rbenv/versions/2.3.1/lib/ruby/gems/2.3.0/gems/actionpack-5.0.7/lib/action_dispatch/middleware/templates/rescues/_trace.html.erb (1.6ms)
  Rendering /Users/nakamuratatsuki/.rbenv/versions/2.3.1/lib/ruby/gems/2.3.0/gems/actionpack-5.0.7/lib/action_dispatch/middleware/templates/rescues/_request_and_response.html.erb
  Rendered /Users/nakamuratatsuki/.rbenv/versions/2.3.1/lib/ruby/gems/2.3.0/gems/actionpack-5.0.7/lib/action_dispatch/middleware/templates/rescues/_request_and_response.html.erb (0.7ms)
  Rendered /Users/nakamuratatsuki/.rbenv/versions/2.3.1/lib/ruby/gems/2.3.0/gems/actionpack-5.0.7/lib/action_dispatch/middleware/templates/rescues/template_error.html.erb within rescues/layout (122.7ms)
Started GET "/" for 127.0.0.1 at 2018-07-30 23:07:11 +0900
Processing by MessagesController#index as HTML
  Rendering messages/index.html.haml within layouts/application
  Rendered messages/index.html.haml within layouts/application (7.2ms)
Completed 200 OK in 556ms (Views: 551.9ms | ActiveRecord: 0.0ms)


Started GET "/" for 127.0.0.1 at 2018-07-30 23:06:53 +0900
Processing by MessagesController#index as HTML
  Rendering messages/index.html.haml within layouts/application
  Rendered messages/index.html.haml within layouts/application (13.0ms)
Completed 200 OK in 40ms (Views: 37.1ms | ActiveRecord: 0.0ms)


Started GET "/" for 127.0.0.1 at 2018-07-30 23:07:22 +0900
Processing by MessagesController#index as HTML
  Rendering messages/index.html.haml within layouts/application
  Rendered messages/index.html.haml within layouts/application (8.6ms)
Completed 200 OK in 55ms (Views: 49.6ms | ActiveRecord: 0.0ms)


Started GET "/" for 127.0.0.1 at 2018-07-30 23:09:09 +0900
Processing by MessagesController#index as HTML
  Rendering messages/index.html.haml within layouts/application
  Rendered messages/index.html.haml within layouts/application (9.9ms)
Completed 200 OK in 48ms (Views: 43.8ms | ActiveRecord: 0.0ms)


Started GET "/" for 127.0.0.1 at 2018-07-30 23:09:09 +0900
Processing by MessagesController#index as HTML
  Rendering messages/index.html.haml within layouts/application
  Rendered messages/index.html.haml within layouts/application (11.3ms)
Completed 200 OK in 49ms (Views: 45.2ms | ActiveRecord: 0.0ms)


Started GET "/" for 127.0.0.1 at 2018-07-30 23:21:34 +0900
Processing by MessagesController#index as HTML
  Rendering messages/index.html.haml within layouts/application
  Rendered messages/index.html.haml within layouts/application (8.8ms)
Completed 200 OK in 353ms (Views: 351.1ms | ActiveRecord: 0.0ms)


Started GET "/" for 127.0.0.1 at 2018-07-30 23:22:43 +0900
Processing by MessagesController#index as HTML
  Rendering messages/index.html.haml within layouts/application
  Rendered messages/index.html.haml within layouts/application (6.7ms)
Completed 200 OK in 27ms (Views: 24.8ms | ActiveRecord: 0.0ms)


Started GET "/" for 127.0.0.1 at 2018-07-30 23:22:46 +0900
Processing by MessagesController#index as HTML
  Rendering messages/index.html.haml within layouts/application
  Rendered messages/index.html.haml within layouts/application (9.8ms)
Completed 200 OK in 38ms (Views: 35.4ms | ActiveRecord: 0.0ms)


Started GET "/" for 127.0.0.1 at 2018-07-31 13:20:18 +0900
Processing by MessagesController#index as HTML
  Rendering messages/index.html.haml within layouts/application
  Rendered messages/index.html.haml within layouts/application (121.9ms)
Completed 200 OK in 306ms (Views: 249.8ms | ActiveRecord: 0.0ms)


Started GET "/" for 127.0.0.1 at 2018-07-31 13:20:21 +0900
Processing by MessagesController#index as HTML
  Rendering messages/index.html.haml within layouts/application
  Rendered messages/index.html.haml within layouts/application (20.6ms)
Completed 200 OK in 51ms (Views: 47.9ms | ActiveRecord: 0.0ms)


Started GET "/" for 127.0.0.1 at 2018-07-31 13:25:14 +0900
Processing by MessagesController#index as HTML
  Rendering messages/index.html.haml within layouts/application
  Rendered messages/index.html.haml within layouts/application (98.0ms)
Completed 200 OK in 995ms (Views: 989.3ms | ActiveRecord: 0.0ms)


Started GET "/" for 127.0.0.1 at 2018-07-31 13:26:31 +0900
Processing by MessagesController#index as HTML
  Rendering messages/index.html.haml within layouts/application
  Rendered messages/index.html.haml within layouts/application (15.0ms)
Completed 200 OK in 400ms (Views: 397.5ms | ActiveRecord: 0.0ms)


Started GET "/" for 127.0.0.1 at 2018-07-31 13:27:07 +0900
Processing by MessagesController#index as HTML
  Rendering messages/index.html.haml within layouts/application
  Rendered messages/index.html.haml within layouts/application (7.2ms)
Completed 200 OK in 339ms (Views: 336.8ms | ActiveRecord: 0.0ms)


Started GET "/" for 127.0.0.1 at 2018-07-31 13:28:42 +0900
Processing by MessagesController#index as HTML
  Rendering messages/index.html.haml within layouts/application
  Rendered messages/index.html.haml within layouts/application (10.4ms)
Completed 200 OK in 375ms (Views: 372.7ms | ActiveRecord: 0.0ms)


Started GET "/" for 127.0.0.1 at 2018-07-31 13:29:38 +0900
Processing by MessagesController#index as HTML
  Rendering messages/index.html.haml within layouts/application
  Rendered messages/index.html.haml within layouts/application (8.3ms)
Completed 200 OK in 37ms (Views: 35.5ms | ActiveRecord: 0.0ms)


Started GET "/" for 127.0.0.1 at 2018-07-31 13:30:45 +0900
Processing by MessagesController#index as HTML
  Rendering messages/index.html.haml within layouts/application
  Rendered messages/index.html.haml within layouts/application (6.7ms)
Completed 200 OK in 334ms (Views: 331.9ms | ActiveRecord: 0.0ms)


Started GET "/" for 127.0.0.1 at 2018-07-31 13:32:11 +0900
Processing by MessagesController#index as HTML
  Rendering messages/index.html.haml within layouts/application
  Rendered messages/index.html.haml within layouts/application (6.7ms)
Completed 200 OK in 334ms (Views: 331.7ms | ActiveRecord: 0.0ms)


Started GET "/" for 127.0.0.1 at 2018-07-31 13:31:41 +0900
Processing by MessagesController#index as HTML
  Rendering messages/index.html.haml within layouts/application
  Rendered messages/index.html.haml within layouts/application (9.6ms)
Completed 200 OK in 328ms (Views: 325.4ms | ActiveRecord: 0.0ms)


Started GET "/" for 127.0.0.1 at 2018-07-31 13:31:44 +0900
Processing by MessagesController#index as HTML
  Rendering messages/index.html.haml within layouts/application
  Rendered messages/index.html.haml within layouts/application (8.3ms)
Completed 200 OK in 33ms (Views: 30.2ms | ActiveRecord: 0.0ms)


Started GET "/" for 127.0.0.1 at 2018-07-31 13:32:49 +0900
Processing by MessagesController#index as HTML
  Rendering messages/index.html.haml within layouts/application
  Rendered messages/index.html.haml within layouts/application (7.1ms)
Completed 200 OK in 28ms (Views: 24.9ms | ActiveRecord: 0.0ms)


Started GET "/" for 127.0.0.1 at 2018-07-31 13:33:29 +0900
Processing by MessagesController#index as HTML
  Rendering messages/index.html.haml within layouts/application
  Rendered messages/index.html.haml within layouts/application (15.2ms)
Completed 200 OK in 338ms (Views: 335.3ms | ActiveRecord: 0.0ms)


Started GET "/" for 127.0.0.1 at 2018-07-31 13:34:11 +0900
Processing by MessagesController#index as HTML
  Rendering messages/index.html.haml within layouts/application
  Rendered messages/index.html.haml within layouts/application (9.8ms)
Completed 200 OK in 328ms (Views: 325.5ms | ActiveRecord: 0.0ms)


Started GET "/" for 127.0.0.1 at 2018-07-31 13:35:22 +0900
Processing by MessagesController#index as HTML
  Rendering messages/index.html.haml within layouts/application
  Rendered messages/index.html.haml within layouts/application (9.6ms)
Completed 200 OK in 326ms (Views: 324.0ms | ActiveRecord: 0.0ms)


Started GET "/" for 127.0.0.1 at 2018-07-31 13:35:44 +0900
Processing by MessagesController#index as HTML
  Rendering messages/index.html.haml within layouts/application
  Rendered messages/index.html.haml within layouts/application (7.7ms)
Completed 200 OK in 350ms (Views: 347.6ms | ActiveRecord: 0.0ms)


Started GET "/" for 127.0.0.1 at 2018-07-31 13:37:00 +0900
Processing by MessagesController#index as HTML
  Rendering messages/index.html.haml within layouts/application
  Rendered messages/index.html.haml within layouts/application (10.6ms)
Completed 200 OK in 352ms (Views: 350.0ms | ActiveRecord: 0.0ms)


Started GET "/" for 127.0.0.1 at 2018-07-31 13:37:53 +0900
Processing by MessagesController#index as HTML
  Rendering messages/index.html.haml within layouts/application
  Rendered messages/index.html.haml within layouts/application (8.5ms)
Completed 200 OK in 333ms (Views: 329.0ms | ActiveRecord: 0.0ms)


Started GET "/" for 127.0.0.1 at 2018-07-31 13:39:56 +0900
Processing by MessagesController#index as HTML
  Rendering messages/index.html.haml within layouts/application
  Rendered messages/index.html.haml within layouts/application (9.7ms)
Completed 200 OK in 339ms (Views: 337.4ms | ActiveRecord: 0.0ms)


Started GET "/" for 127.0.0.1 at 2018-07-31 13:40:32 +0900
Processing by MessagesController#index as HTML
  Rendering messages/index.html.haml within layouts/application
  Rendered messages/index.html.haml within layouts/application (7.6ms)
Completed 200 OK in 347ms (Views: 344.8ms | ActiveRecord: 0.0ms)


Started GET "/" for 127.0.0.1 at 2018-07-31 13:41:46 +0900
Processing by MessagesController#index as HTML
  Rendering messages/index.html.haml within layouts/application
  Rendered messages/index.html.haml within layouts/application (9.6ms)
Completed 200 OK in 325ms (Views: 322.6ms | ActiveRecord: 0.0ms)


Started GET "/" for 127.0.0.1 at 2018-07-31 13:42:07 +0900
Processing by MessagesController#index as HTML
  Rendering messages/index.html.haml within layouts/application
  Rendered messages/index.html.haml within layouts/application (9.7ms)
Completed 200 OK in 332ms (Views: 329.6ms | ActiveRecord: 0.0ms)


Started GET "/" for 127.0.0.1 at 2018-07-31 13:44:47 +0900
Processing by MessagesController#index as HTML
  Rendering messages/index.html.haml within layouts/application
  Rendered messages/index.html.haml within layouts/application (11.3ms)
Completed 200 OK in 39ms (Views: 36.5ms | ActiveRecord: 0.0ms)


Started GET "/" for 127.0.0.1 at 2018-07-31 13:46:18 +0900
Processing by MessagesController#index as HTML
  Rendering messages/index.html.haml within layouts/application
  Rendered messages/index.html.haml within layouts/application (10.4ms)
Completed 200 OK in 331ms (Views: 328.9ms | ActiveRecord: 0.0ms)


Started GET "/" for 127.0.0.1 at 2018-07-31 13:47:01 +0900
Processing by MessagesController#index as HTML
  Rendering messages/index.html.haml within layouts/application
  Rendered messages/index.html.haml within layouts/application (7.9ms)
Completed 200 OK in 332ms (Views: 329.3ms | ActiveRecord: 0.0ms)


Started GET "/" for 127.0.0.1 at 2018-07-31 13:47:23 +0900
Processing by MessagesController#index as HTML
  Rendering messages/index.html.haml within layouts/application
  Rendered messages/index.html.haml within layouts/application (9.6ms)
Completed 200 OK in 37ms (Views: 34.2ms | ActiveRecord: 0.0ms)


Started GET "/" for 127.0.0.1 at 2018-07-31 13:49:23 +0900
Processing by MessagesController#index as HTML
  Rendering messages/index.html.haml within layouts/application
  Rendered messages/index.html.haml within layouts/application (9.9ms)
Completed 200 OK in 33ms (Views: 30.4ms | ActiveRecord: 0.0ms)


Started GET "/" for 127.0.0.1 at 2018-07-31 13:50:46 +0900
Processing by MessagesController#index as HTML
  Rendering messages/index.html.haml within layouts/application
  Rendered messages/index.html.haml within layouts/application (9.0ms)
Completed 200 OK in 31ms (Views: 28.0ms | ActiveRecord: 0.0ms)


Started GET "/" for 127.0.0.1 at 2018-07-31 13:51:04 +0900
Processing by MessagesController#index as HTML
  Rendering messages/index.html.haml within layouts/application
  Rendered messages/index.html.haml within layouts/application (10.4ms)
Completed 200 OK in 32ms (Views: 29.6ms | ActiveRecord: 0.0ms)


Started GET "/" for 127.0.0.1 at 2018-07-31 13:52:13 +0900
Processing by MessagesController#index as HTML
  Rendering messages/index.html.haml within layouts/application
  Rendered messages/index.html.haml within layouts/application (8.3ms)
Completed 500 Internal Server Error in 152ms (ActiveRecord: 0.0ms)


  
ActionView::Template::Error (Invalid CSS after "  }": expected selector or at-rule, was "}"):
    4:     %meta{:content => "text/html; charset=UTF-8", "http-equiv" => "Content-Type"}/
    5:     %title ChatSpace
    6:     = csrf_meta_tags
    7:     = stylesheet_link_tag    'application', media: 'all', 'data-turbolinks-track': 'reload'
    8:     = javascript_include_tag 'application', 'data-turbolinks-track': 'reload'
    9:   %body
   10:     = yield
  
app/assets/stylesheets/partial/_message.scss:58
app/assets/stylesheets/partial:1
app/assets/stylesheets/application.scss:2
app/views/layouts/application.html.haml:7:in `_app_views_layouts_application_html_haml__825598337099177200_70272537337380'
Started GET "/" for 127.0.0.1 at 2018-07-31 13:54:10 +0900
Processing by MessagesController#index as HTML
  Rendering messages/index.html.haml within layouts/application
  Rendered messages/index.html.haml within layouts/application (9.0ms)
Completed 200 OK in 343ms (Views: 340.6ms | ActiveRecord: 0.0ms)


Started GET "/" for 127.0.0.1 at 2018-07-31 13:54:22 +0900
Processing by MessagesController#index as HTML
  Rendering messages/index.html.haml within layouts/application
  Rendered messages/index.html.haml within layouts/application (6.9ms)
Completed 200 OK in 28ms (Views: 26.0ms | ActiveRecord: 0.0ms)


Started GET "/" for 127.0.0.1 at 2018-07-31 13:56:03 +0900
Processing by MessagesController#index as HTML
  Rendering messages/index.html.haml within layouts/application
  Rendered messages/index.html.haml within layouts/application (7.7ms)
Completed 200 OK in 321ms (Views: 318.5ms | ActiveRecord: 0.0ms)


Started GET "/" for 127.0.0.1 at 2018-07-31 13:57:14 +0900
Processing by MessagesController#index as HTML
  Rendering messages/index.html.haml within layouts/application
  Rendered messages/index.html.haml within layouts/application (7.9ms)
Completed 200 OK in 343ms (Views: 340.7ms | ActiveRecord: 0.0ms)


Started GET "/" for 127.0.0.1 at 2018-07-31 13:58:56 +0900
Processing by MessagesController#index as HTML
  Rendering messages/index.html.haml within layouts/application
  Rendered messages/index.html.haml within layouts/application (11.6ms)
Completed 500 Internal Server Error in 159ms (ActiveRecord: 0.0ms)


  
ActionView::Template::Error (Invalid CSS after "}": expected "}", was ""):
    4:     %meta{:content => "text/html; charset=UTF-8", "http-equiv" => "Content-Type"}/
    5:     %title ChatSpace
    6:     = csrf_meta_tags
    7:     = stylesheet_link_tag    'application', media: 'all', 'data-turbolinks-track': 'reload'
    8:     = javascript_include_tag 'application', 'data-turbolinks-track': 'reload'
    9:   %body
   10:     = yield
  
app/assets/stylesheets/partial/_message.scss:162
app/assets/stylesheets/partial:1
app/assets/stylesheets/application.scss:2
app/views/layouts/application.html.haml:7:in `_app_views_layouts_application_html_haml__825598337099177200_70272536401560'
Started GET "/" for 127.0.0.1 at 2018-07-31 14:00:22 +0900
Processing by MessagesController#index as HTML
  Rendering messages/index.html.haml within layouts/application
  Rendered messages/index.html.haml within layouts/application (15.4ms)
Completed 500 Internal Server Error in 158ms (ActiveRecord: 0.0ms)


  
ActionView::Template::Error (Invalid CSS after "}": expected "}", was ""):
    4:     %meta{:content => "text/html; charset=UTF-8", "http-equiv" => "Content-Type"}/
    5:     %title ChatSpace
    6:     = csrf_meta_tags
    7:     = stylesheet_link_tag    'application', media: 'all', 'data-turbolinks-track': 'reload'
    8:     = javascript_include_tag 'application', 'data-turbolinks-track': 'reload'
    9:   %body
   10:     = yield
  
app/assets/stylesheets/partial/_message.scss:163
app/assets/stylesheets/partial:1
app/assets/stylesheets/application.scss:2
app/views/layouts/application.html.haml:7:in `_app_views_layouts_application_html_haml__825598337099177200_70272545518900'
Started GET "/" for 127.0.0.1 at 2018-07-31 15:21:13 +0900
Processing by MessagesController#index as HTML
  Rendering messages/index.html.haml within layouts/application
  Rendered messages/index.html.haml within layouts/application (8.5ms)
Completed 500 Internal Server Error in 173ms (ActiveRecord: 0.0ms)


  
ActionView::Template::Error (Invalid CSS after "}": expected "}", was ""):
    4:     %meta{:content => "text/html; charset=UTF-8", "http-equiv" => "Content-Type"}/
    5:     %title ChatSpace
    6:     = csrf_meta_tags
    7:     = stylesheet_link_tag    'application', media: 'all', 'data-turbolinks-track': 'reload'
    8:     = javascript_include_tag 'application', 'data-turbolinks-track': 'reload'
    9:   %body
   10:     = yield
  
app/assets/stylesheets/partial/_message.scss:163
app/assets/stylesheets/partial:1
app/assets/stylesheets/application.scss:2
app/views/layouts/application.html.haml:7:in `_app_views_layouts_application_html_haml__825598337099177200_70272477659680'
Started GET "/" for 127.0.0.1 at 2018-07-31 15:21:45 +0900
Processing by MessagesController#index as HTML
  Rendering messages/index.html.haml within layouts/application
  Rendered messages/index.html.haml within layouts/application (8.7ms)
Completed 500 Internal Server Error in 154ms (ActiveRecord: 0.0ms)


  
ActionView::Template::Error (Invalid CSS after "}": expected "}", was ""):
    4:     %meta{:content => "text/html; charset=UTF-8", "http-equiv" => "Content-Type"}/
    5:     %title ChatSpace
    6:     = csrf_meta_tags
    7:     = stylesheet_link_tag    'application', media: 'all', 'data-turbolinks-track': 'reload'
    8:     = javascript_include_tag 'application', 'data-turbolinks-track': 'reload'
    9:   %body
   10:     = yield
  
app/assets/stylesheets/partial/_message.scss:163
app/assets/stylesheets/partial:1
app/assets/stylesheets/application.scss:2
app/views/layouts/application.html.haml:7:in `_app_views_layouts_application_html_haml__825598337099177200_70272531546380'
Started GET "/" for 127.0.0.1 at 2018-07-31 15:22:37 +0900
Processing by MessagesController#index as HTML
  Rendering messages/index.html.haml within layouts/application
  Rendered messages/index.html.haml within layouts/application (8.8ms)
Completed 500 Internal Server Error in 138ms (ActiveRecord: 0.0ms)


  
ActionView::Template::Error (Invalid CSS after "}": expected "}", was ""):
    4:     %meta{:content => "text/html; charset=UTF-8", "http-equiv" => "Content-Type"}/
    5:     %title ChatSpace
    6:     = csrf_meta_tags
    7:     = stylesheet_link_tag    'application', media: 'all', 'data-turbolinks-track': 'reload'
    8:     = javascript_include_tag 'application', 'data-turbolinks-track': 'reload'
    9:   %body
   10:     = yield
  
app/assets/stylesheets/partial/_message.scss:163
app/assets/stylesheets/partial:1
app/assets/stylesheets/application.scss:2
app/views/layouts/application.html.haml:7:in `_app_views_layouts_application_html_haml__825598337099177200_70272531999500'
Started GET "/" for 127.0.0.1 at 2018-07-31 15:26:26 +0900
Processing by MessagesController#index as HTML
  Rendering messages/index.html.haml within layouts/application
  Rendered messages/index.html.haml within layouts/application (10.4ms)
Completed 200 OK in 380ms (Views: 376.5ms | ActiveRecord: 0.0ms)


Started GET "/" for 127.0.0.1 at 2018-07-31 15:27:33 +0900
Processing by MessagesController#index as HTML
  Rendering messages/index.html.haml within layouts/application
  Rendered messages/index.html.haml within layouts/application (8.8ms)
Completed 200 OK in 383ms (Views: 380.6ms | ActiveRecord: 0.0ms)


Started GET "/" for 127.0.0.1 at 2018-07-31 15:27:54 +0900
Processing by MessagesController#index as HTML
  Rendering messages/index.html.haml within layouts/application
  Rendered messages/index.html.haml within layouts/application (10.3ms)
Completed 200 OK in 40ms (Views: 37.5ms | ActiveRecord: 0.0ms)


Started GET "/" for 127.0.0.1 at 2018-07-31 15:52:27 +0900
Processing by MessagesController#index as HTML
  Rendering messages/index.html.haml within layouts/application
  Rendered messages/index.html.haml within layouts/application (10.1ms)
Completed 200 OK in 104ms (Views: 100.8ms | ActiveRecord: 0.0ms)


Started GET "/" for 127.0.0.1 at 2018-07-31 15:53:14 +0900
Processing by MessagesController#index as HTML
  Rendering messages/index.html.haml within layouts/application
  Rendered messages/index.html.haml within layouts/application (11.6ms)
Completed 200 OK in 364ms (Views: 361.6ms | ActiveRecord: 0.0ms)


Started GET "/" for 127.0.0.1 at 2018-07-31 15:53:16 +0900
Processing by MessagesController#index as HTML
  Rendering messages/index.html.haml within layouts/application
  Rendered messages/index.html.haml within layouts/application (9.7ms)
Completed 200 OK in 32ms (Views: 29.9ms | ActiveRecord: 0.0ms)


Started GET "/" for 127.0.0.1 at 2018-07-31 15:53:26 +0900
Processing by MessagesController#index as HTML
  Rendering messages/index.html.haml within layouts/application
  Rendered messages/index.html.haml within layouts/application (9.1ms)
Completed 200 OK in 329ms (Views: 326.5ms | ActiveRecord: 0.0ms)


Started GET "/" for 127.0.0.1 at 2018-07-31 15:54:02 +0900
Processing by MessagesController#index as HTML
  Rendering messages/index.html.haml within layouts/application
  Rendered messages/index.html.haml within layouts/application (24.1ms)
Completed 200 OK in 289ms (Views: 279.0ms | ActiveRecord: 0.0ms)


Started GET "/" for 127.0.0.1 at 2018-07-31 15:56:11 +0900
Processing by MessagesController#index as HTML
  Rendering messages/index.html.haml within layouts/application
  Rendered messages/index.html.haml within layouts/application (11.4ms)
Completed 200 OK in 392ms (Views: 389.1ms | ActiveRecord: 0.0ms)


Started GET "/" for 127.0.0.1 at 2018-07-31 15:59:11 +0900
Processing by MessagesController#index as HTML
  Rendering messages/index.html.haml within layouts/application
  Rendered messages/index.html.haml within layouts/application (9.3ms)
Completed 200 OK in 316ms (Views: 313.7ms | ActiveRecord: 0.0ms)


Started GET "/" for 127.0.0.1 at 2018-07-31 15:59:30 +0900
Processing by MessagesController#index as HTML
  Rendering messages/index.html.haml within layouts/application
  Rendered messages/index.html.haml within layouts/application (13.3ms)
Completed 200 OK in 36ms (Views: 33.8ms | ActiveRecord: 0.0ms)


Started GET "/" for 127.0.0.1 at 2018-07-31 16:00:15 +0900
Processing by MessagesController#index as HTML
  Rendering messages/index.html.haml within layouts/application
  Rendered messages/index.html.haml within layouts/application (10.4ms)
Completed 500 Internal Server Error in 166ms (ActiveRecord: 0.0ms)


  
ActionView::Template::Error (Invalid CSS after "}": expected "}", was ""):
    4:     %meta{:content => "text/html; charset=UTF-8", "http-equiv" => "Content-Type"}/
    5:     %title ChatSpace
    6:     = csrf_meta_tags
    7:     = stylesheet_link_tag    'application', media: 'all', 'data-turbolinks-track': 'reload'
    8:     = javascript_include_tag 'application', 'data-turbolinks-track': 'reload'
    9:   %body
   10:     = yield
  
app/assets/stylesheets/partial/_message.scss:167
app/assets/stylesheets/partial:1
app/assets/stylesheets/application.scss:2
app/views/layouts/application.html.haml:7:in `_app_views_layouts_application_html_haml___912944775424532099_70272399707420'
Started GET "/" for 127.0.0.1 at 2018-07-31 16:00:50 +0900
Processing by MessagesController#index as HTML
  Rendering messages/index.html.haml within layouts/application
  Rendered messages/index.html.haml within layouts/application (8.4ms)
Completed 500 Internal Server Error in 127ms (ActiveRecord: 0.0ms)


  
ActionView::Template::Error (Invalid CSS after "}": expected "}", was ""):
    4:     %meta{:content => "text/html; charset=UTF-8", "http-equiv" => "Content-Type"}/
    5:     %title ChatSpace
    6:     = csrf_meta_tags
    7:     = stylesheet_link_tag    'application', media: 'all', 'data-turbolinks-track': 'reload'
    8:     = javascript_include_tag 'application', 'data-turbolinks-track': 'reload'
    9:   %body
   10:     = yield
  
app/assets/stylesheets/partial/_message.scss:167
app/assets/stylesheets/partial:1
app/assets/stylesheets/application.scss:2
app/views/layouts/application.html.haml:7:in `_app_views_layouts_application_html_haml___912944775424532099_70272398728700'
Started GET "/" for 127.0.0.1 at 2018-07-31 16:00:27 +0900
Processing by MessagesController#index as HTML
  Rendering messages/index.html.haml within layouts/application
  Rendered messages/index.html.haml within layouts/application (9.0ms)
Completed 500 Internal Server Error in 155ms (ActiveRecord: 0.0ms)


  
ActionView::Template::Error (Invalid CSS after "}": expected "}", was ""):
    4:     %meta{:content => "text/html; charset=UTF-8", "http-equiv" => "Content-Type"}/
    5:     %title ChatSpace
    6:     = csrf_meta_tags
    7:     = stylesheet_link_tag    'application', media: 'all', 'data-turbolinks-track': 'reload'
    8:     = javascript_include_tag 'application', 'data-turbolinks-track': 'reload'
    9:   %body
   10:     = yield
  
app/assets/stylesheets/partial/_message.scss:167
app/assets/stylesheets/partial:1
app/assets/stylesheets/application.scss:2
app/views/layouts/application.html.haml:7:in `_app_views_layouts_application_html_haml___912944775424532099_70272403284820'
Started GET "/" for 127.0.0.1 at 2018-07-31 16:00:52 +0900
Processing by MessagesController#index as HTML
  Rendering messages/index.html.haml within layouts/application
  Rendered messages/index.html.haml within layouts/application (9.4ms)
Completed 500 Internal Server Error in 168ms (ActiveRecord: 0.0ms)


  
ActionView::Template::Error (Invalid CSS after "}": expected "}", was ""):
    4:     %meta{:content => "text/html; charset=UTF-8", "http-equiv" => "Content-Type"}/
    5:     %title ChatSpace
    6:     = csrf_meta_tags
    7:     = stylesheet_link_tag    'application', media: 'all', 'data-turbolinks-track': 'reload'
    8:     = javascript_include_tag 'application', 'data-turbolinks-track': 'reload'
    9:   %body
   10:     = yield
  
app/assets/stylesheets/partial/_message.scss:167
app/assets/stylesheets/partial:1
app/assets/stylesheets/application.scss:2
app/views/layouts/application.html.haml:7:in `_app_views_layouts_application_html_haml___912944775424532099_70272452949940'
Started GET "/" for 127.0.0.1 at 2018-07-31 16:02:01 +0900
Processing by MessagesController#index as HTML
  Rendering messages/index.html.haml within layouts/application
  Rendered messages/index.html.haml within layouts/application (7.9ms)
Completed 500 Internal Server Error in 128ms (ActiveRecord: 0.0ms)


  
ActionView::Template::Error (Invalid CSS after "}": expected "}", was ""):
    4:     %meta{:content => "text/html; charset=UTF-8", "http-equiv" => "Content-Type"}/
    5:     %title ChatSpace
    6:     = csrf_meta_tags
    7:     = stylesheet_link_tag    'application', media: 'all', 'data-turbolinks-track': 'reload'
    8:     = javascript_include_tag 'application', 'data-turbolinks-track': 'reload'
    9:   %body
   10:     = yield
  
app/assets/stylesheets/partial/_message.scss:167
app/assets/stylesheets/partial:1
app/assets/stylesheets/application.scss:2
app/views/layouts/application.html.haml:7:in `_app_views_layouts_application_html_haml___912944775424532099_70272431198620'
Started GET "/" for 127.0.0.1 at 2018-07-31 16:08:01 +0900
Processing by MessagesController#index as HTML
  Rendering messages/index.html.haml within layouts/application
  Rendered messages/index.html.haml within layouts/application (9.0ms)
Completed 500 Internal Server Error in 151ms (ActiveRecord: 0.0ms)


  
ActionView::Template::Error (Invalid CSS after "}": expected "}", was ""):
    4:     %meta{:content => "text/html; charset=UTF-8", "http-equiv" => "Content-Type"}/
    5:     %title ChatSpace
    6:     = csrf_meta_tags
    7:     = stylesheet_link_tag    'application', media: 'all', 'data-turbolinks-track': 'reload'
    8:     = javascript_include_tag 'application', 'data-turbolinks-track': 'reload'
    9:   %body
   10:     = yield
  
app/assets/stylesheets/partial/_message.scss:162
app/assets/stylesheets/partial:1
app/assets/stylesheets/application.scss:2
app/views/layouts/application.html.haml:7:in `_app_views_layouts_application_html_haml___912944775424532099_70272458438900'
Started GET "/" for 127.0.0.1 at 2018-07-31 16:08:27 +0900
Processing by MessagesController#index as HTML
  Rendering messages/index.html.haml within layouts/application
  Rendered messages/index.html.haml within layouts/application (16.1ms)
Completed 500 Internal Server Error in 310ms (ActiveRecord: 0.0ms)


  
ActionView::Template::Error (Invalid CSS after "}": expected "}", was ""):
    4:     %meta{:content => "text/html; charset=UTF-8", "http-equiv" => "Content-Type"}/
    5:     %title ChatSpace
    6:     = csrf_meta_tags
    7:     = stylesheet_link_tag    'application', media: 'all', 'data-turbolinks-track': 'reload'
    8:     = javascript_include_tag 'application', 'data-turbolinks-track': 'reload'
    9:   %body
   10:     = yield
  
app/assets/stylesheets/partial/_message.scss:162
app/assets/stylesheets/partial:1
app/assets/stylesheets/application.scss:2
app/views/layouts/application.html.haml:7:in `_app_views_layouts_application_html_haml___3724863134482800298_70097058406060'
Started GET "/" for 127.0.0.1 at 2018-07-31 16:10:09 +0900
Processing by MessagesController#index as HTML
  Rendering messages/index.html.haml within layouts/application
  Rendered messages/index.html.haml within layouts/application (8.2ms)
Completed 200 OK in 385ms (Views: 382.6ms | ActiveRecord: 0.0ms)


Started GET "/" for 127.0.0.1 at 2018-07-31 16:13:30 +0900
Processing by MessagesController#index as HTML
  Rendering messages/index.html.haml within layouts/application
  Rendered messages/index.html.haml within layouts/application (10.1ms)
Completed 200 OK in 333ms (Views: 331.0ms | ActiveRecord: 0.0ms)


Started GET "/" for 127.0.0.1 at 2018-07-31 16:13:52 +0900
Processing by MessagesController#index as HTML
  Rendering messages/index.html.haml within layouts/application
  Rendered messages/index.html.haml within layouts/application (9.7ms)
Completed 200 OK in 314ms (Views: 312.0ms | ActiveRecord: 0.0ms)


Started GET "/" for 127.0.0.1 at 2018-07-31 16:14:40 +0900
Processing by MessagesController#index as HTML
  Rendering messages/index.html.haml within layouts/application
  Rendered messages/index.html.haml within layouts/application (7.2ms)
Completed 200 OK in 342ms (Views: 339.9ms | ActiveRecord: 0.0ms)


Started GET "/" for 127.0.0.1 at 2018-07-31 16:15:09 +0900
Processing by MessagesController#index as HTML
  Rendering messages/index.html.haml within layouts/application
  Rendered messages/index.html.haml within layouts/application (9.1ms)
Completed 200 OK in 323ms (Views: 321.1ms | ActiveRecord: 0.0ms)


Started GET "/" for 127.0.0.1 at 2018-07-31 16:16:22 +0900
Processing by MessagesController#index as HTML
  Rendering messages/index.html.haml within layouts/application
  Rendered messages/index.html.haml within layouts/application (6.9ms)
Completed 200 OK in 307ms (Views: 305.0ms | ActiveRecord: 0.0ms)


Started GET "/" for 127.0.0.1 at 2018-07-31 16:18:17 +0900
Processing by MessagesController#index as HTML
  Rendering messages/index.html.haml within layouts/application
  Rendered messages/index.html.haml within layouts/application (13.8ms)
Completed 200 OK in 393ms (Views: 390.7ms | ActiveRecord: 0.0ms)


Started GET "/" for 127.0.0.1 at 2018-07-31 16:22:55 +0900
Processing by MessagesController#index as HTML
  Rendering messages/index.html.haml within layouts/application
  Rendered messages/index.html.haml within layouts/application (13.4ms)
Completed 200 OK in 366ms (Views: 363.0ms | ActiveRecord: 0.0ms)


Started GET "/" for 127.0.0.1 at 2018-07-31 16:24:05 +0900
Processing by MessagesController#index as HTML
  Rendering messages/index.html.haml within layouts/application
  Rendered messages/index.html.haml within layouts/application (9.8ms)
Completed 200 OK in 361ms (Views: 359.0ms | ActiveRecord: 0.0ms)


Started GET "/" for 127.0.0.1 at 2018-07-31 16:26:46 +0900
Processing by MessagesController#index as HTML
  Rendering messages/index.html.haml within layouts/application
  Rendered messages/index.html.haml within layouts/application (11.6ms)
Completed 200 OK in 388ms (Views: 385.0ms | ActiveRecord: 0.0ms)


Started GET "/" for 127.0.0.1 at 2018-07-31 16:30:42 +0900
Processing by MessagesController#index as HTML
  Rendering messages/index.html.haml within layouts/application
  Rendered messages/index.html.haml within layouts/application (10.1ms)
Completed 200 OK in 365ms (Views: 362.3ms | ActiveRecord: 0.0ms)


Started GET "/" for 127.0.0.1 at 2018-07-31 16:32:12 +0900
Processing by MessagesController#index as HTML
  Rendering messages/index.html.haml within layouts/application
  Rendered messages/index.html.haml within layouts/application (7.1ms)
Completed 200 OK in 381ms (Views: 379.3ms | ActiveRecord: 0.0ms)


Started GET "/" for 127.0.0.1 at 2018-07-31 16:32:38 +0900
Processing by MessagesController#index as HTML
  Rendering messages/index.html.haml within layouts/application
  Rendered messages/index.html.haml within layouts/application (9.4ms)
Completed 200 OK in 433ms (Views: 429.6ms | ActiveRecord: 0.0ms)


Started GET "/" for 127.0.0.1 at 2018-07-31 16:46:41 +0900
Processing by MessagesController#index as HTML
  Rendering messages/index.html.haml within layouts/application
  Rendered messages/index.html.haml within layouts/application (10.7ms)
Completed 500 Internal Server Error in 136ms (ActiveRecord: 0.0ms)


  
ActionView::Template::Error (Invalid CSS after "  }": expected selector or at-rule, was "}"):
    4:     %meta{:content => "text/html; charset=UTF-8", "http-equiv" => "Content-Type"}/
    5:     %title ChatSpace
    6:     = csrf_meta_tags
    7:     = stylesheet_link_tag    'application', media: 'all', 'data-turbolinks-track': 'reload'
    8:     = javascript_include_tag 'application', 'data-turbolinks-track': 'reload'
    9:   %body
   10:     = yield
  
app/assets/stylesheets/partial/_message.scss:56
app/assets/stylesheets/partial:1
app/assets/stylesheets/application.scss:2
app/views/layouts/application.html.haml:7:in `_app_views_layouts_application_html_haml___3724863134482800298_70097070403720'
Started GET "/" for 127.0.0.1 at 2018-07-31 16:47:59 +0900
Processing by MessagesController#index as HTML
  Rendering messages/index.html.haml within layouts/application
  Rendered messages/index.html.haml within layouts/application (9.5ms)
Completed 200 OK in 342ms (Views: 340.3ms | ActiveRecord: 0.0ms)


Started GET "/" for 127.0.0.1 at 2018-07-31 16:51:17 +0900
Processing by MessagesController#index as HTML
  Rendering messages/index.html.haml within layouts/application
  Rendered messages/index.html.haml within layouts/application (8.8ms)
Completed 200 OK in 326ms (Views: 322.7ms | ActiveRecord: 0.0ms)


Started GET "/" for 127.0.0.1 at 2018-07-31 16:52:18 +0900
Processing by MessagesController#index as HTML
  Rendering messages/index.html.haml within layouts/application
  Rendered messages/index.html.haml within layouts/application (12.1ms)
Completed 200 OK in 318ms (Views: 315.6ms | ActiveRecord: 0.0ms)


Started GET "/" for 127.0.0.1 at 2018-07-31 16:55:59 +0900
Processing by MessagesController#index as HTML
  Rendering messages/index.html.haml within layouts/application
  Rendered messages/index.html.haml within layouts/application (6.8ms)
Completed 200 OK in 344ms (Views: 342.2ms | ActiveRecord: 0.0ms)


Started GET "/" for 127.0.0.1 at 2018-07-31 16:57:13 +0900
Processing by MessagesController#index as HTML
  Rendering messages/index.html.haml within layouts/application
  Rendered messages/index.html.haml within layouts/application (9.2ms)
Completed 200 OK in 335ms (Views: 332.4ms | ActiveRecord: 0.0ms)


Started GET "/" for 127.0.0.1 at 2018-07-31 16:58:45 +0900
Processing by MessagesController#index as HTML
  Rendering messages/index.html.haml within layouts/application
  Rendered messages/index.html.haml within layouts/application (8.8ms)
Completed 200 OK in 334ms (Views: 331.5ms | ActiveRecord: 0.0ms)


Started GET "/" for 127.0.0.1 at 2018-07-31 16:59:08 +0900
Processing by MessagesController#index as HTML
  Rendering messages/index.html.haml within layouts/application
  Rendered messages/index.html.haml within layouts/application (10.7ms)
Completed 200 OK in 348ms (Views: 344.9ms | ActiveRecord: 0.0ms)


Started GET "/" for 127.0.0.1 at 2018-07-31 16:59:46 +0900
Processing by MessagesController#index as HTML
  Rendering messages/index.html.haml within layouts/application
  Rendered messages/index.html.haml within layouts/application (7.4ms)
Completed 200 OK in 319ms (Views: 316.4ms | ActiveRecord: 0.0ms)


Started GET "/" for 127.0.0.1 at 2018-07-31 17:01:08 +0900
Processing by MessagesController#index as HTML
  Rendering messages/index.html.haml within layouts/application
  Rendered messages/index.html.haml within layouts/application (9.3ms)
Completed 200 OK in 342ms (Views: 338.9ms | ActiveRecord: 0.0ms)


Started GET "/" for 127.0.0.1 at 2018-07-31 17:02:15 +0900
Processing by MessagesController#index as HTML
  Rendering messages/index.html.haml within layouts/application
  Rendered messages/index.html.haml within layouts/application (7.4ms)
Completed 200 OK in 329ms (Views: 327.1ms | ActiveRecord: 0.0ms)


Started GET "/" for 127.0.0.1 at 2018-07-31 17:03:20 +0900
Processing by MessagesController#index as HTML
  Rendering messages/index.html.haml within layouts/application
  Rendered messages/index.html.haml within layouts/application (9.7ms)
Completed 200 OK in 343ms (Views: 340.6ms | ActiveRecord: 0.0ms)


Started GET "/" for 127.0.0.1 at 2018-07-31 17:05:00 +0900
Processing by MessagesController#index as HTML
  Rendering messages/index.html.haml within layouts/application
  Rendered messages/index.html.haml within layouts/application (8.3ms)
Completed 200 OK in 335ms (Views: 332.6ms | ActiveRecord: 0.0ms)


Started GET "/" for 127.0.0.1 at 2018-07-31 17:05:13 +0900
Processing by MessagesController#index as HTML
  Rendering messages/index.html.haml within layouts/application
  Rendered messages/index.html.haml within layouts/application (10.3ms)
Completed 200 OK in 332ms (Views: 330.0ms | ActiveRecord: 0.0ms)


Started GET "/" for 127.0.0.1 at 2018-07-31 17:05:21 +0900
Processing by MessagesController#index as HTML
  Rendering messages/index.html.haml within layouts/application
  Rendered messages/index.html.haml within layouts/application (9.0ms)
Completed 200 OK in 332ms (Views: 329.4ms | ActiveRecord: 0.0ms)


Started GET "/" for 127.0.0.1 at 2018-07-31 17:08:02 +0900
Processing by MessagesController#index as HTML
  Rendering messages/index.html.haml within layouts/application
  Rendered messages/index.html.haml within layouts/application (8.6ms)
Completed 200 OK in 364ms (Views: 360.9ms | ActiveRecord: 0.0ms)


Started GET "/" for 127.0.0.1 at 2018-07-31 17:08:58 +0900
Processing by MessagesController#index as HTML
  Rendering messages/index.html.haml within layouts/application
  Rendered messages/index.html.haml within layouts/application (9.2ms)
Completed 200 OK in 349ms (Views: 345.9ms | ActiveRecord: 0.0ms)


Started GET "/" for 127.0.0.1 at 2018-07-31 17:09:36 +0900
Processing by MessagesController#index as HTML
  Rendering messages/index.html.haml within layouts/application
  Rendered messages/index.html.haml within layouts/application (9.0ms)
Completed 200 OK in 352ms (Views: 349.9ms | ActiveRecord: 0.0ms)


Started GET "/" for 127.0.0.1 at 2018-07-31 17:14:26 +0900
Processing by MessagesController#index as HTML
  Rendering messages/index.html.haml within layouts/application
  Rendered messages/index.html.haml within layouts/application (9.6ms)
Completed 200 OK in 368ms (Views: 366.3ms | ActiveRecord: 0.0ms)


Started GET "/" for 127.0.0.1 at 2018-07-31 17:14:52 +0900
Processing by MessagesController#index as HTML
  Rendering messages/index.html.haml within layouts/application
  Rendered messages/index.html.haml within layouts/application (8.8ms)
Completed 200 OK in 323ms (Views: 320.6ms | ActiveRecord: 0.0ms)


Started GET "/" for 127.0.0.1 at 2018-07-31 17:18:44 +0900
Processing by MessagesController#index as HTML
  Rendering messages/index.html.haml within layouts/application
  Rendered messages/index.html.haml within layouts/application (10.4ms)
Completed 200 OK in 32ms (Views: 30.2ms | ActiveRecord: 0.0ms)


Started GET "/" for 127.0.0.1 at 2018-07-31 17:19:40 +0900
Processing by MessagesController#index as HTML
  Rendering messages/index.html.haml within layouts/application
  Rendered messages/index.html.haml within layouts/application (9.7ms)
Completed 200 OK in 394ms (Views: 392.0ms | ActiveRecord: 0.0ms)


Started GET "/" for 127.0.0.1 at 2018-07-31 17:20:08 +0900
Processing by MessagesController#index as HTML
  Rendering messages/index.html.haml within layouts/application
  Rendered messages/index.html.haml within layouts/application (10.8ms)
Completed 200 OK in 349ms (Views: 345.2ms | ActiveRecord: 0.0ms)


Started GET "/" for 127.0.0.1 at 2018-07-31 17:20:17 +0900
Processing by MessagesController#index as HTML
  Rendering messages/index.html.haml within layouts/application
  Rendered messages/index.html.haml within layouts/application (8.0ms)
Completed 200 OK in 349ms (Views: 346.2ms | ActiveRecord: 0.0ms)


Started GET "/" for 127.0.0.1 at 2018-07-31 17:24:35 +0900
Processing by MessagesController#index as HTML
  Rendering messages/index.html.haml within layouts/application
  Rendered messages/index.html.haml within layouts/application (8.3ms)
Completed 200 OK in 440ms (Views: 435.6ms | ActiveRecord: 0.0ms)


Started GET "/" for 127.0.0.1 at 2018-07-31 17:25:04 +0900
Processing by MessagesController#index as HTML
  Rendering messages/index.html.haml within layouts/application
  Rendered messages/index.html.haml within layouts/application (9.0ms)
Completed 200 OK in 423ms (Views: 420.0ms | ActiveRecord: 0.0ms)


Started GET "/" for 127.0.0.1 at 2018-07-31 17:25:53 +0900
Processing by MessagesController#index as HTML
  Rendering messages/index.html.haml within layouts/application
  Rendered messages/index.html.haml within layouts/application (15.8ms)
Completed 200 OK in 40ms (Views: 37.3ms | ActiveRecord: 0.0ms)


Started GET "/" for 127.0.0.1 at 2018-07-31 17:31:40 +0900
Processing by MessagesController#index as HTML
  Rendering messages/index.html.haml within layouts/application
  Rendered messages/index.html.haml within layouts/application (8.5ms)
Completed 200 OK in 381ms (Views: 378.7ms | ActiveRecord: 0.0ms)


Started GET "/" for 127.0.0.1 at 2018-07-31 17:33:21 +0900
Processing by MessagesController#index as HTML
  Rendering messages/index.html.haml within layouts/application
  Rendered messages/index.html.haml within layouts/application (9.3ms)
Completed 200 OK in 359ms (Views: 356.3ms | ActiveRecord: 0.0ms)


Started GET "/" for 127.0.0.1 at 2018-07-31 17:33:25 +0900
Processing by MessagesController#index as HTML
  Rendering messages/index.html.haml within layouts/application
  Rendered messages/index.html.haml within layouts/application (12.4ms)
Completed 200 OK in 41ms (Views: 37.2ms | ActiveRecord: 0.0ms)


Started GET "/" for 127.0.0.1 at 2018-07-31 17:34:33 +0900
Processing by MessagesController#index as HTML
  Rendering messages/index.html.haml within layouts/application
  Rendered messages/index.html.haml within layouts/application (9.8ms)
Completed 200 OK in 332ms (Views: 329.4ms | ActiveRecord: 0.0ms)


Started GET "/" for 127.0.0.1 at 2018-07-31 17:34:59 +0900
Processing by MessagesController#index as HTML
  Rendering messages/index.html.haml within layouts/application
  Rendered messages/index.html.haml within layouts/application (7.4ms)
Completed 200 OK in 366ms (Views: 364.1ms | ActiveRecord: 0.0ms)


Started GET "/" for 127.0.0.1 at 2018-07-31 17:38:29 +0900
Processing by MessagesController#index as HTML
  Rendering messages/index.html.haml within layouts/application
  Rendered messages/index.html.haml within layouts/application (9.3ms)
Completed 200 OK in 354ms (Views: 351.2ms | ActiveRecord: 0.0ms)


Started GET "/" for 127.0.0.1 at 2018-07-31 17:38:43 +0900
Processing by MessagesController#index as HTML
  Rendering messages/index.html.haml within layouts/application
  Rendered messages/index.html.haml within layouts/application (9.3ms)
Completed 200 OK in 34ms (Views: 30.6ms | ActiveRecord: 0.0ms)


Started GET "/" for 127.0.0.1 at 2018-07-31 17:39:10 +0900
Processing by MessagesController#index as HTML
  Rendering messages/index.html.haml within layouts/application
  Rendered messages/index.html.haml within layouts/application (7.4ms)
Completed 200 OK in 337ms (Views: 334.8ms | ActiveRecord: 0.0ms)


Started GET "/" for 127.0.0.1 at 2018-07-31 17:39:32 +0900
Processing by MessagesController#index as HTML
  Rendering messages/index.html.haml within layouts/application
  Rendered messages/index.html.haml within layouts/application (7.7ms)
Completed 200 OK in 32ms (Views: 30.6ms | ActiveRecord: 0.0ms)


Started GET "/" for 127.0.0.1 at 2018-07-31 17:40:26 +0900
Processing by MessagesController#index as HTML
  Rendering messages/index.html.haml within layouts/application
  Rendered messages/index.html.haml within layouts/application (7.7ms)
Completed 200 OK in 322ms (Views: 319.8ms | ActiveRecord: 0.0ms)


Started GET "/" for 127.0.0.1 at 2018-07-31 17:40:53 +0900
Processing by MessagesController#index as HTML
  Rendering messages/index.html.haml within layouts/application
  Rendered messages/index.html.haml within layouts/application (5.6ms)
Completed 200 OK in 346ms (Views: 344.1ms | ActiveRecord: 0.0ms)


Started GET "/" for 127.0.0.1 at 2018-07-31 17:41:08 +0900
Processing by MessagesController#index as HTML
  Rendering messages/index.html.haml within layouts/application
  Rendered messages/index.html.haml within layouts/application (6.4ms)
Completed 200 OK in 27ms (Views: 24.9ms | ActiveRecord: 0.0ms)


Started GET "/" for 127.0.0.1 at 2018-07-31 17:42:09 +0900
Processing by MessagesController#index as HTML
  Rendering messages/index.html.haml within layouts/application
  Rendered messages/index.html.haml within layouts/application (6.7ms)
Completed 200 OK in 320ms (Views: 318.1ms | ActiveRecord: 0.0ms)


Started GET "/" for 127.0.0.1 at 2018-07-31 17:45:46 +0900
Processing by MessagesController#index as HTML
  Rendering messages/index.html.haml within layouts/application
  Rendered messages/index.html.haml within layouts/application (7.5ms)
Completed 200 OK in 28ms (Views: 26.2ms | ActiveRecord: 0.0ms)


Started GET "/" for 127.0.0.1 at 2018-07-31 17:46:06 +0900
Processing by MessagesController#index as HTML
  Rendering messages/index.html.haml within layouts/application
  Rendered messages/index.html.haml within layouts/application (7.1ms)
Completed 200 OK in 26ms (Views: 24.1ms | ActiveRecord: 0.0ms)


